<?xml version="1.0" encoding="UTF-8"?>
<!-- Generated by org.testng.reporters.JUnitReportReporter -->
<testsuite hostname="kenkairon" failures="0" tests="4" name="com.taskmanager.service.GestorTareasTest" time="0.006" errors="0" timestamp="2025-07-14T15:05:48 CLT" skipped="0">
  <testcase classname="com.taskmanager.service.GestorTareasTest" name="testAgregarTarea" time="0.004"/>
  <testcase classname="com.taskmanager.service.GestorTareasTest" name="testCompletarTareaExistente" time="0.001"/>
  <testcase classname="com.taskmanager.service.GestorTareasTest" name="testFiltrarPorCompletadas" time="0.001"/>
  <testcase classname="com.taskmanager.service.GestorTareasTest" name="testFiltrarPorPendientes" time="0.000"/>
</testsuite> <!-- com.taskmanager.service.GestorTareasTest -->
